<?xml version="1.0" encoding="UTF-8"?>
<!-- Generated by org.testng.reporters.JUnitReportReporter -->
<testsuite skipped="0" hostname="Giridhar-PC" name="testCases.LoginTest" tests="1" failures="0" timestamp="26 May 2020 10:45:50 GMT" time="0.034" errors="0">
  <testcase name="FirstTestCase" time="0.034" classname="testCases.LoginTest"/>
</testsuite> <!-- testCases.LoginTest -->
